<?xml version="1.0" encoding="utf-8"?><testsuites name="pytest tests"><testsuite name="pytest" errors="0" failures="1" skipped="0" tests="19" time="3.718" timestamp="2026-02-18T16:25:21.362883+00:00" hostname="agent-env-f15555fd-65bf-45a7-bff3-11a13b5af477"><testcase classname="backend.tests.test_ad_spaces_engine.TestAdSpacesModule" name="test_module_info" time="0.262" /><testcase classname="backend.tests.test_ad_spaces_engine.TestAdSpacesCatalog" name="test_catalog_full" time="0.149" /><testcase classname="backend.tests.test_ad_spaces_engine.TestAdSpacesCatalog" name="test_catalog_by_category_banner" time="0.730" /><testcase classname="backend.tests.test_ad_spaces_engine.TestAdSpacesCatalog" name="test_catalog_by_category_sidebar" time="0.187" /><testcase classname="backend.tests.test_ad_spaces_engine.TestAdSpacesCatalog" name="test_catalog_by_category_featured" time="0.212" /><testcase classname="backend.tests.test_ad_spaces_engine.TestAdSpacesCatalog" name="test_catalog_by_page_homepage" time="0.123" /><testcase classname="backend.tests.test_ad_spaces_engine.TestAdSpacesCatalog" name="test_catalog_space_details" time="0.126" /><testcase classname="backend.tests.test_ad_spaces_engine.TestAdSpacesCatalog" name="test_catalog_space_not_found" time="0.150" /><testcase classname="backend.tests.test_ad_spaces_engine.TestAdSpacesDashboard" name="test_dashboard" time="0.119" /><testcase classname="backend.tests.test_ad_spaces_engine.TestAdSlotsManager" name="test_active_slots_preproduction" time="0.191" /><testcase classname="backend.tests.test_ad_spaces_engine.TestAdSlotsManager" name="test_slot_conflicts" time="0.121" /><testcase classname="backend.tests.test_ad_spaces_engine.TestAdRenderEngine" name="test_render_sidebar_mid_preproduction" time="0.145" /><testcase classname="backend.tests.test_ad_spaces_engine.TestAdRenderEngine" name="test_render_header_banner_preproduction" time="0.129" /><testcase classname="backend.tests.test_ad_spaces_engine.TestAdRenderEngine" name="test_render_page_homepage_preproduction" time="0.158" /><testcase classname="backend.tests.test_ad_spaces_engine.TestAdRenderEngine" name="test_render_invalid_space" time="0.146"><failure message="assert 200 == 404&#10; +  where 200 = &lt;Response [200]&gt;.status_code">backend/tests/test_ad_spaces_engine.py:221: in test_render_invalid_space
    assert response.status_code == 404
E   assert 200 == 404
E    +  where 200 = &lt;Response [200]&gt;.status_code</failure></testcase><testcase classname="backend.tests.test_ad_spaces_engine.TestMasterSwitch" name="test_master_switch_status" time="0.244" /><testcase classname="backend.tests.test_ad_spaces_engine.TestAffiliateAdsSystemStatus" name="test_system_status" time="0.174" /><testcase classname="backend.tests.test_ad_spaces_engine.TestAffiliateAdsSystemStatus" name="test_opportunities_paused_suspended" time="0.121" /><testcase classname="backend.tests.test_ad_spaces_engine.TestPriceMultipliers" name="test_premium_multipliers" time="0.121" /></testsuite></testsuites>