<?xml version="1.0" encoding="utf-8"?><testsuites name="pytest tests"><testsuite name="pytest" errors="0" failures="0" skipped="0" tests="19" time="3.045" timestamp="2026-02-18T16:26:40.783190+00:00" hostname="agent-env-f15555fd-65bf-45a7-bff3-11a13b5af477"><testcase classname="backend.tests.test_ad_spaces_engine.TestAdSpacesModule" name="test_module_info" time="0.180" /><testcase classname="backend.tests.test_ad_spaces_engine.TestAdSpacesCatalog" name="test_catalog_full" time="0.124" /><testcase classname="backend.tests.test_ad_spaces_engine.TestAdSpacesCatalog" name="test_catalog_by_category_banner" time="0.151" /><testcase classname="backend.tests.test_ad_spaces_engine.TestAdSpacesCatalog" name="test_catalog_by_category_sidebar" time="0.258" /><testcase classname="backend.tests.test_ad_spaces_engine.TestAdSpacesCatalog" name="test_catalog_by_category_featured" time="0.139" /><testcase classname="backend.tests.test_ad_spaces_engine.TestAdSpacesCatalog" name="test_catalog_by_page_homepage" time="0.227" /><testcase classname="backend.tests.test_ad_spaces_engine.TestAdSpacesCatalog" name="test_catalog_space_details" time="0.119" /><testcase classname="backend.tests.test_ad_spaces_engine.TestAdSpacesCatalog" name="test_catalog_space_not_found" time="0.154" /><testcase classname="backend.tests.test_ad_spaces_engine.TestAdSpacesDashboard" name="test_dashboard" time="0.154" /><testcase classname="backend.tests.test_ad_spaces_engine.TestAdSlotsManager" name="test_active_slots_preproduction" time="0.150" /><testcase classname="backend.tests.test_ad_spaces_engine.TestAdSlotsManager" name="test_slot_conflicts" time="0.182" /><testcase classname="backend.tests.test_ad_spaces_engine.TestAdRenderEngine" name="test_render_sidebar_mid_preproduction" time="0.128" /><testcase classname="backend.tests.test_ad_spaces_engine.TestAdRenderEngine" name="test_render_header_banner_preproduction" time="0.137" /><testcase classname="backend.tests.test_ad_spaces_engine.TestAdRenderEngine" name="test_render_page_homepage_preproduction" time="0.119" /><testcase classname="backend.tests.test_ad_spaces_engine.TestAdRenderEngine" name="test_render_invalid_space" time="0.156" /><testcase classname="backend.tests.test_ad_spaces_engine.TestMasterSwitch" name="test_master_switch_status" time="0.187" /><testcase classname="backend.tests.test_ad_spaces_engine.TestAffiliateAdsSystemStatus" name="test_system_status" time="0.131" /><testcase classname="backend.tests.test_ad_spaces_engine.TestAffiliateAdsSystemStatus" name="test_opportunities_paused_suspended" time="0.130" /><testcase classname="backend.tests.test_ad_spaces_engine.TestPriceMultipliers" name="test_premium_multipliers" time="0.125" /></testsuite></testsuites>