<?xml version="1.0" encoding="utf-8"?><testsuites name="pytest tests"><testsuite name="pytest" errors="0" failures="2" skipped="0" tests="30" time="8.899" timestamp="2026-02-17T01:22:22.178303+00:00" hostname="agent-env-2f581c46-2dd5-41c3-b1df-2abecab43910"><testcase classname="backend.tests.test_admin_maintenance_contacts.TestMaintenanceStatus" name="test_get_maintenance_status" time="0.224" /><testcase classname="backend.tests.test_admin_maintenance_contacts.TestMaintenanceStatus" name="test_toggle_maintenance_mode_off" time="0.302" /><testcase classname="backend.tests.test_admin_maintenance_contacts.TestMaintenanceStatus" name="test_toggle_maintenance_mode_on" time="0.377" /><testcase classname="backend.tests.test_admin_maintenance_contacts.TestMaintenanceStatus" name="test_get_system_status" time="0.191" /><testcase classname="backend.tests.test_admin_maintenance_contacts.TestAccessRules" name="test_get_access_rules" time="0.174" /><testcase classname="backend.tests.test_admin_maintenance_contacts.TestAccessRules" name="test_create_access_rule" time="0.148" /><testcase classname="backend.tests.test_admin_maintenance_contacts.TestAccessRules" name="test_toggle_access_rule" time="0.613" /><testcase classname="backend.tests.test_admin_maintenance_contacts.TestAccessRules" name="test_delete_access_rule" time="0.403" /><testcase classname="backend.tests.test_admin_maintenance_contacts.TestAccessRules" name="test_delete_nonexistent_rule" time="0.158" /><testcase classname="backend.tests.test_admin_maintenance_contacts.TestAllowedIPs" name="test_get_allowed_ips" time="0.147" /><testcase classname="backend.tests.test_admin_maintenance_contacts.TestAllowedIPs" name="test_add_allowed_ip" time="0.353" /><testcase classname="backend.tests.test_admin_maintenance_contacts.TestScheduledMaintenance" name="test_get_scheduled_maintenances" time="0.173" /><testcase classname="backend.tests.test_admin_maintenance_contacts.TestScheduledMaintenance" name="test_create_scheduled_maintenance" time="0.408" /><testcase classname="backend.tests.test_admin_maintenance_contacts.TestScheduledMaintenance" name="test_delete_scheduled_maintenance" time="0.265" /><testcase classname="backend.tests.test_admin_maintenance_contacts.TestContactsCRUD" name="test_get_contacts" time="0.149" /><testcase classname="backend.tests.test_admin_maintenance_contacts.TestContactsCRUD" name="test_get_contacts_stats" time="0.141" /><testcase classname="backend.tests.test_admin_maintenance_contacts.TestContactsCRUD" name="test_create_contact" time="0.115" /><testcase classname="backend.tests.test_admin_maintenance_contacts.TestContactsCRUD" name="test_update_contact" time="0.585" /><testcase classname="backend.tests.test_admin_maintenance_contacts.TestContactsCRUD" name="test_delete_contact" time="0.514" /><testcase classname="backend.tests.test_admin_maintenance_contacts.TestContactsCRUD" name="test_delete_nonexistent_contact" time="0.179" /><testcase classname="backend.tests.test_admin_maintenance_contacts.TestContactsFilters" name="test_get_suppliers" time="0.240"><failure message="assert False == True">backend/tests/test_admin_maintenance_contacts.py:414: in test_get_suppliers
    assert data["success"] == True
E   assert False == True</failure></testcase><testcase classname="backend.tests.test_admin_maintenance_contacts.TestContactsFilters" name="test_get_partners" time="0.142"><failure message="assert False == True">backend/tests/test_admin_maintenance_contacts.py:426: in test_get_partners
    assert data["success"] == True
E   assert False == True</failure></testcase><testcase classname="backend.tests.test_admin_maintenance_contacts.TestContactsFilters" name="test_get_contacts_by_type" time="0.140" /><testcase classname="backend.tests.test_admin_maintenance_contacts.TestContactsFilters" name="test_get_contacts_by_status" time="0.118" /><testcase classname="backend.tests.test_admin_maintenance_contacts.TestContactsFilters" name="test_search_contacts" time="0.139" /><testcase classname="backend.tests.test_admin_maintenance_contacts.TestContactsTags" name="test_get_all_tags" time="0.151" /><testcase classname="backend.tests.test_admin_maintenance_contacts.TestContactsTags" name="test_add_tag_to_contact" time="0.586" /><testcase classname="backend.tests.test_admin_maintenance_contacts.TestContactsTags" name="test_remove_tag_from_contact" time="0.582" /><testcase classname="backend.tests.test_admin_maintenance_contacts.TestContactsExport" name="test_export_all_contacts" time="0.184" /><testcase classname="backend.tests.test_admin_maintenance_contacts.TestContactsExport" name="test_export_contacts_by_type" time="0.864" /></testsuite></testsuites>