<?xml version="1.0" encoding="utf-8"?><testsuites name="pytest tests"><testsuite name="pytest" errors="0" failures="0" skipped="0" tests="20" time="6.920" timestamp="2026-02-17T01:05:00.631991+00:00" hostname="agent-env-2f581c46-2dd5-41c3-b1df-2abecab43910"><testcase classname="backend.tests.test_admin_content_backup.TestContentCategories" name="test_get_categories" time="0.384" /><testcase classname="backend.tests.test_admin_content_backup.TestContentCategories" name="test_init_default_categories" time="0.142" /><testcase classname="backend.tests.test_admin_content_backup.TestContentCategories" name="test_create_category" time="0.417" /><testcase classname="backend.tests.test_admin_content_backup.TestContentCategories" name="test_update_category" time="0.633" /><testcase classname="backend.tests.test_admin_content_backup.TestContentCategories" name="test_delete_category" time="0.388" /><testcase classname="backend.tests.test_admin_content_backup.TestContentCategories" name="test_delete_nonexistent_category" time="0.144" /><testcase classname="backend.tests.test_admin_content_backup.TestContentDepot" name="test_get_content_depot" time="0.120" /><testcase classname="backend.tests.test_admin_content_backup.TestContentDepot" name="test_get_content_depot_with_filter" time="0.242" /><testcase classname="backend.tests.test_admin_content_backup.TestContentDepot" name="test_create_content_item" time="0.313" /><testcase classname="backend.tests.test_admin_content_backup.TestContentDepot" name="test_update_content_status" time="1.165" /><testcase classname="backend.tests.test_admin_content_backup.TestContentDepot" name="test_update_content_invalid_status" time="0.427" /><testcase classname="backend.tests.test_admin_content_backup.TestSEOAnalytics" name="test_get_seo_analytics" time="0.182" /><testcase classname="backend.tests.test_admin_content_backup.TestBackupStats" name="test_get_backup_stats" time="0.201" /><testcase classname="backend.tests.test_admin_content_backup.TestCodeBackups" name="test_get_code_files" time="0.238" /><testcase classname="backend.tests.test_admin_content_backup.TestCodeBackups" name="test_get_code_files_with_search" time="0.206" /><testcase classname="backend.tests.test_admin_content_backup.TestDatabaseBackups" name="test_get_database_backups" time="0.180" /><testcase classname="backend.tests.test_admin_content_backup.TestDatabaseBackups" name="test_create_database_backup" time="0.527" /><testcase classname="backend.tests.test_admin_content_backup.TestDatabaseBackups" name="test_delete_database_backup" time="0.579" /><testcase classname="backend.tests.test_admin_content_backup.TestDatabaseBackups" name="test_delete_nonexistent_backup" time="0.141" /><testcase classname="backend.tests.test_admin_content_backup.TestPromptBackups" name="test_get_prompt_versions" time="0.194" /></testsuite></testsuites>