<?xml version="1.0" encoding="utf-8"?><testsuites name="pytest tests"><testsuite name="pytest" errors="0" failures="0" skipped="0" tests="30" time="8.113" timestamp="2026-02-17T01:23:25.613570+00:00" hostname="agent-env-2f581c46-2dd5-41c3-b1df-2abecab43910"><testcase classname="backend.tests.test_admin_maintenance_contacts.TestMaintenanceStatus" name="test_get_maintenance_status" time="0.350" /><testcase classname="backend.tests.test_admin_maintenance_contacts.TestMaintenanceStatus" name="test_toggle_maintenance_mode_off" time="0.120" /><testcase classname="backend.tests.test_admin_maintenance_contacts.TestMaintenanceStatus" name="test_toggle_maintenance_mode_on" time="0.259" /><testcase classname="backend.tests.test_admin_maintenance_contacts.TestMaintenanceStatus" name="test_get_system_status" time="0.239" /><testcase classname="backend.tests.test_admin_maintenance_contacts.TestAccessRules" name="test_get_access_rules" time="0.170" /><testcase classname="backend.tests.test_admin_maintenance_contacts.TestAccessRules" name="test_create_access_rule" time="0.192" /><testcase classname="backend.tests.test_admin_maintenance_contacts.TestAccessRules" name="test_toggle_access_rule" time="0.482" /><testcase classname="backend.tests.test_admin_maintenance_contacts.TestAccessRules" name="test_delete_access_rule" time="0.232" /><testcase classname="backend.tests.test_admin_maintenance_contacts.TestAccessRules" name="test_delete_nonexistent_rule" time="0.126" /><testcase classname="backend.tests.test_admin_maintenance_contacts.TestAllowedIPs" name="test_get_allowed_ips" time="0.168" /><testcase classname="backend.tests.test_admin_maintenance_contacts.TestAllowedIPs" name="test_add_allowed_ip" time="0.331" /><testcase classname="backend.tests.test_admin_maintenance_contacts.TestScheduledMaintenance" name="test_get_scheduled_maintenances" time="0.172" /><testcase classname="backend.tests.test_admin_maintenance_contacts.TestScheduledMaintenance" name="test_create_scheduled_maintenance" time="0.251" /><testcase classname="backend.tests.test_admin_maintenance_contacts.TestScheduledMaintenance" name="test_delete_scheduled_maintenance" time="0.328" /><testcase classname="backend.tests.test_admin_maintenance_contacts.TestContactsCRUD" name="test_get_contacts" time="0.147" /><testcase classname="backend.tests.test_admin_maintenance_contacts.TestContactsCRUD" name="test_get_contacts_stats" time="0.119" /><testcase classname="backend.tests.test_admin_maintenance_contacts.TestContactsCRUD" name="test_create_contact" time="0.137" /><testcase classname="backend.tests.test_admin_maintenance_contacts.TestContactsCRUD" name="test_update_contact" time="0.593" /><testcase classname="backend.tests.test_admin_maintenance_contacts.TestContactsCRUD" name="test_delete_contact" time="0.462" /><testcase classname="backend.tests.test_admin_maintenance_contacts.TestContactsCRUD" name="test_delete_nonexistent_contact" time="0.118" /><testcase classname="backend.tests.test_admin_maintenance_contacts.TestContactsFilters" name="test_get_suppliers" time="0.165" /><testcase classname="backend.tests.test_admin_maintenance_contacts.TestContactsFilters" name="test_get_partners" time="0.125" /><testcase classname="backend.tests.test_admin_maintenance_contacts.TestContactsFilters" name="test_get_contacts_by_type" time="0.138" /><testcase classname="backend.tests.test_admin_maintenance_contacts.TestContactsFilters" name="test_get_contacts_by_status" time="0.108" /><testcase classname="backend.tests.test_admin_maintenance_contacts.TestContactsFilters" name="test_search_contacts" time="0.154" /><testcase classname="backend.tests.test_admin_maintenance_contacts.TestContactsTags" name="test_get_all_tags" time="0.123" /><testcase classname="backend.tests.test_admin_maintenance_contacts.TestContactsTags" name="test_add_tag_to_contact" time="0.526" /><testcase classname="backend.tests.test_admin_maintenance_contacts.TestContactsTags" name="test_remove_tag_from_contact" time="0.650" /><testcase classname="backend.tests.test_admin_maintenance_contacts.TestContactsExport" name="test_export_all_contacts" time="0.131" /><testcase classname="backend.tests.test_admin_maintenance_contacts.TestContactsExport" name="test_export_contacts_by_type" time="0.931" /></testsuite></testsuites>