<?xml version="1.0" encoding="utf-8"?><testsuites name="pytest tests"><testsuite name="pytest" errors="0" failures="0" skipped="0" tests="23" time="4.766" timestamp="2026-02-17T01:47:02.897360+00:00" hostname="agent-env-2524e361-5f59-4703-a856-0fb08e6eaaa6"><testcase classname="backend.tests.test_admin_hotspots_networking.TestHotspotsAdminDashboard" name="test_hotspots_dashboard_returns_success" time="0.334" /><testcase classname="backend.tests.test_admin_hotspots_networking.TestHotspotsAdminListings" name="test_hotspots_listings_returns_success" time="0.322" /><testcase classname="backend.tests.test_admin_hotspots_networking.TestHotspotsAdminListings" name="test_hotspots_listings_with_status_filter" time="0.128" /><testcase classname="backend.tests.test_admin_hotspots_networking.TestHotspotsAdminListings" name="test_hotspots_listings_with_limit" time="0.139" /><testcase classname="backend.tests.test_admin_hotspots_networking.TestHotspotsAdminPricing" name="test_hotspots_pricing_returns_success" time="0.207" /><testcase classname="backend.tests.test_admin_hotspots_networking.TestHotspotsAdminRegions" name="test_hotspots_regions_returns_success" time="0.160" /><testcase classname="backend.tests.test_admin_hotspots_networking.TestHotspotsAdminOwners" name="test_hotspots_owners_returns_success" time="0.138" /><testcase classname="backend.tests.test_admin_hotspots_networking.TestHotspotsAdminRenters" name="test_hotspots_renters_returns_success" time="0.113" /><testcase classname="backend.tests.test_admin_hotspots_networking.TestHotspotsAdminRenters" name="test_hotspots_renters_with_tier_filter" time="0.421" /><testcase classname="backend.tests.test_admin_hotspots_networking.TestHotspotsAdminAgreements" name="test_hotspots_agreements_returns_success" time="0.177" /><testcase classname="backend.tests.test_admin_hotspots_networking.TestHotspotsAdminAgreements" name="test_hotspots_agreements_with_status_filter" time="0.185" /><testcase classname="backend.tests.test_admin_hotspots_networking.TestNetworkingAdminDashboard" name="test_networking_dashboard_returns_success" time="0.175" /><testcase classname="backend.tests.test_admin_hotspots_networking.TestNetworkingAdminPosts" name="test_networking_posts_returns_success" time="0.238" /><testcase classname="backend.tests.test_admin_hotspots_networking.TestNetworkingAdminPosts" name="test_networking_posts_with_visibility_filter" time="0.184" /><testcase classname="backend.tests.test_admin_hotspots_networking.TestNetworkingAdminGroups" name="test_networking_groups_returns_success" time="0.294" /><testcase classname="backend.tests.test_admin_hotspots_networking.TestNetworkingAdminGroups" name="test_networking_groups_with_privacy_filter" time="0.250" /><testcase classname="backend.tests.test_admin_hotspots_networking.TestNetworkingAdminLeads" name="test_networking_leads_returns_success" time="0.198" /><testcase classname="backend.tests.test_admin_hotspots_networking.TestNetworkingAdminLeads" name="test_networking_leads_with_status_filter" time="0.215" /><testcase classname="backend.tests.test_admin_hotspots_networking.TestNetworkingAdminReferrals" name="test_networking_referrals_returns_success" time="0.165" /><testcase classname="backend.tests.test_admin_hotspots_networking.TestNetworkingAdminReferrals" name="test_networking_referrals_with_status_filter" time="0.146" /><testcase classname="backend.tests.test_admin_hotspots_networking.TestNetworkingAdminReferrals" name="test_networking_pending_referrals_returns_success" time="0.151" /><testcase classname="backend.tests.test_admin_hotspots_networking.TestNetworkingAdminWallets" name="test_networking_wallets_returns_success" time="0.201" /><testcase classname="backend.tests.test_admin_hotspots_networking.TestNetworkingAdminReferralCodes" name="test_networking_referral_codes_returns_success" time="0.126" /></testsuite></testsuites>