<?xml version="1.0" encoding="utf-8"?><testsuites name="pytest tests"><testsuite name="pytest" errors="0" failures="0" skipped="0" tests="29" time="6.200" timestamp="2026-02-17T02:04:09.635292+00:00" hostname="agent-env-2524e361-5f59-4703-a856-0fb08e6eaaa6"><testcase classname="backend.tests.test_admin_email_marketing.TestEmailAdminDashboard" name="test_email_dashboard_returns_success" time="0.435" /><testcase classname="backend.tests.test_admin_email_marketing.TestEmailAdminTemplates" name="test_get_templates_returns_default_templates" time="0.147" /><testcase classname="backend.tests.test_admin_email_marketing.TestEmailAdminTemplates" name="test_get_templates_filter_by_category" time="0.167" /><testcase classname="backend.tests.test_admin_email_marketing.TestEmailAdminTemplates" name="test_get_templates_filter_by_marketing_category" time="0.190" /><testcase classname="backend.tests.test_admin_email_marketing.TestEmailAdminTemplates" name="test_get_template_detail" time="0.188" /><testcase classname="backend.tests.test_admin_email_marketing.TestEmailAdminVariables" name="test_get_variables_returns_system_variables" time="0.148" /><testcase classname="backend.tests.test_admin_email_marketing.TestEmailAdminLogs" name="test_get_email_logs" time="0.150" /><testcase classname="backend.tests.test_admin_email_marketing.TestEmailAdminLogs" name="test_get_email_logs_with_limit" time="0.532" /><testcase classname="backend.tests.test_admin_email_marketing.TestEmailAdminConfig" name="test_get_email_config" time="0.225" /><testcase classname="backend.tests.test_admin_email_marketing.TestEmailAdminTestSending" name="test_send_test_email_simulated" time="0.192" /><testcase classname="backend.tests.test_admin_email_marketing.TestMarketingAdminDashboard" name="test_marketing_dashboard_returns_success" time="0.229" /><testcase classname="backend.tests.test_admin_email_marketing.TestMarketingAdminCampaigns" name="test_get_campaigns" time="0.124" /><testcase classname="backend.tests.test_admin_email_marketing.TestMarketingAdminCampaigns" name="test_create_campaign" time="0.208" /><testcase classname="backend.tests.test_admin_email_marketing.TestMarketingAdminCampaigns" name="test_get_campaign_detail" time="0.206" /><testcase classname="backend.tests.test_admin_email_marketing.TestMarketingAdminCampaigns" name="test_update_campaign_status" time="0.174" /><testcase classname="backend.tests.test_admin_email_marketing.TestMarketingAdminCampaigns" name="test_delete_campaign" time="0.126" /><testcase classname="backend.tests.test_admin_email_marketing.TestMarketingAdminPosts" name="test_get_posts" time="0.210" /><testcase classname="backend.tests.test_admin_email_marketing.TestMarketingAdminPosts" name="test_get_scheduled_posts" time="0.146" /><testcase classname="backend.tests.test_admin_email_marketing.TestMarketingAdminPosts" name="test_create_post" time="0.188" /><testcase classname="backend.tests.test_admin_email_marketing.TestMarketingAdminPosts" name="test_schedule_post" time="0.320" /><testcase classname="backend.tests.test_admin_email_marketing.TestMarketingAdminPosts" name="test_delete_post" time="0.221" /><testcase classname="backend.tests.test_admin_email_marketing.TestMarketingAdminGenerate" name="test_generate_content_product_promo" time="0.199" /><testcase classname="backend.tests.test_admin_email_marketing.TestMarketingAdminGenerate" name="test_generate_content_educational" time="0.181" /><testcase classname="backend.tests.test_admin_email_marketing.TestMarketingAdminGenerate" name="test_generate_content_engagement" time="0.165" /><testcase classname="backend.tests.test_admin_email_marketing.TestMarketingAdminSegments" name="test_get_segments_returns_defaults" time="0.204" /><testcase classname="backend.tests.test_admin_email_marketing.TestMarketingAdminAutomations" name="test_get_automations_returns_defaults" time="0.140" /><testcase classname="backend.tests.test_admin_email_marketing.TestMarketingAdminHistory" name="test_get_history" time="0.136" /><testcase classname="backend.tests.test_admin_email_marketing.TestMarketingAdminContentTypes" name="test_get_content_types" time="0.174" /><testcase classname="backend.tests.test_admin_email_marketing.TestMarketingAdminPlatforms" name="test_get_platforms" time="0.353" /></testsuite></testsuites>