<?xml version="1.0" encoding="utf-8"?><testsuites name="pytest tests"><testsuite name="pytest" errors="0" failures="0" skipped="0" tests="13" time="3.164" timestamp="2026-02-17T00:24:49.452825+00:00" hostname="agent-env-3b8c033f-6eb3-4124-9d79-7aed82ad9534"><testcase classname="backend.tests.test_admin_engine.TestAdminEngineInfo" name="test_admin_root_returns_module_info" time="0.236" /><testcase classname="backend.tests.test_admin_engine.TestAdminDashboard" name="test_dashboard_returns_kpis" time="0.416" /><testcase classname="backend.tests.test_admin_engine.TestPaymentsAdmin" name="test_get_transactions" time="0.184" /><testcase classname="backend.tests.test_admin_engine.TestPaymentsAdmin" name="test_get_transactions_with_limit" time="0.155" /><testcase classname="backend.tests.test_admin_engine.TestFreemiumAdmin" name="test_get_tier_stats" time="0.160" /><testcase classname="backend.tests.test_admin_engine.TestUpsellAdmin" name="test_get_campaigns" time="0.146" /><testcase classname="backend.tests.test_admin_engine.TestOnboardingAdmin" name="test_get_onboarding_stats" time="0.195" /><testcase classname="backend.tests.test_admin_engine.TestTutorialsAdmin" name="test_get_tutorials_list" time="0.245" /><testcase classname="backend.tests.test_admin_engine.TestRulesAdmin" name="test_get_rules_list" time="0.171" /><testcase classname="backend.tests.test_admin_engine.TestStrategyAdmin" name="test_get_strategy_diagnostics" time="0.126" /><testcase classname="backend.tests.test_admin_engine.TestUsersAdmin" name="test_get_users_list" time="0.211" /><testcase classname="backend.tests.test_admin_engine.TestLogsAdmin" name="test_get_error_logs" time="0.647" /><testcase classname="backend.tests.test_admin_engine.TestSettingsAdmin" name="test_get_feature_toggles" time="0.185" /></testsuite></testsuites>