<?xml version="1.0" encoding="utf-8"?><testsuites name="pytest tests"><testsuite name="pytest" errors="0" failures="1" skipped="0" tests="35" time="5.381" timestamp="2026-02-17T11:30:01.270744+00:00" hostname="agent-env-2342703b-dc49-4ee1-b8aa-bd079c9c5304"><testcase classname="backend.tests.test_admin_partners_branding.TestPartnersAdmin" name="test_partners_dashboard" time="0.278" /><testcase classname="backend.tests.test_admin_partners_branding.TestPartnersAdmin" name="test_partners_types" time="0.216" /><testcase classname="backend.tests.test_admin_partners_branding.TestPartnersAdmin" name="test_partners_requests_list" time="0.244" /><testcase classname="backend.tests.test_admin_partners_branding.TestPartnersAdmin" name="test_partners_requests_filter_by_status" time="0.118" /><testcase classname="backend.tests.test_admin_partners_branding.TestPartnersAdmin" name="test_partners_requests_filter_by_type" time="0.145" /><testcase classname="backend.tests.test_admin_partners_branding.TestPartnersAdmin" name="test_partners_requests_search" time="0.169" /><testcase classname="backend.tests.test_admin_partners_branding.TestPartnersAdmin" name="test_partners_request_detail_not_found" time="0.100" /><testcase classname="backend.tests.test_admin_partners_branding.TestPartnersAdmin" name="test_partners_list" time="0.112" /><testcase classname="backend.tests.test_admin_partners_branding.TestPartnersAdmin" name="test_partners_list_filter_by_type" time="0.125" /><testcase classname="backend.tests.test_admin_partners_branding.TestPartnersAdmin" name="test_partners_list_filter_by_active" time="0.180" /><testcase classname="backend.tests.test_admin_partners_branding.TestPartnersAdmin" name="test_partners_list_search" time="0.108" /><testcase classname="backend.tests.test_admin_partners_branding.TestPartnersAdmin" name="test_partner_detail_not_found" time="0.160" /><testcase classname="backend.tests.test_admin_partners_branding.TestPartnersAdmin" name="test_partners_email_settings" time="0.140" /><testcase classname="backend.tests.test_admin_partners_branding.TestPartnersAdmin" name="test_partners_email_toggle_invalid_type" time="0.115" /><testcase classname="backend.tests.test_admin_partners_branding.TestBrandingAdmin" name="test_branding_dashboard" time="0.222" /><testcase classname="backend.tests.test_admin_partners_branding.TestBrandingAdmin" name="test_branding_config" time="0.162" /><testcase classname="backend.tests.test_admin_partners_branding.TestBrandingAdmin" name="test_branding_logos" time="0.106" /><testcase classname="backend.tests.test_admin_partners_branding.TestBrandingAdmin" name="test_branding_logo_detail_default" time="0.112" /><testcase classname="backend.tests.test_admin_partners_branding.TestBrandingAdmin" name="test_branding_logo_detail_not_found" time="0.154" /><testcase classname="backend.tests.test_admin_partners_branding.TestBrandingAdmin" name="test_branding_delete_default_logo_fails" time="0.109" /><testcase classname="backend.tests.test_admin_partners_branding.TestBrandingAdmin" name="test_branding_colors" time="0.152" /><testcase classname="backend.tests.test_admin_partners_branding.TestBrandingAdmin" name="test_branding_update_color_invalid_format" time="0.162" /><testcase classname="backend.tests.test_admin_partners_branding.TestBrandingAdmin" name="test_branding_document_types" time="0.149" /><testcase classname="backend.tests.test_admin_partners_branding.TestBrandingAdmin" name="test_branding_document_history" time="0.159" /><testcase classname="backend.tests.test_admin_partners_branding.TestBrandingAdmin" name="test_branding_upload_history" time="0.117" /><testcase classname="backend.tests.test_admin_partners_branding.TestBrandingAdmin" name="test_branding_assets" time="0.136" /><testcase classname="backend.tests.test_admin_partners_branding.TestPartnersWorkflow" name="test_update_request_status_invalid" time="0.148" /><testcase classname="backend.tests.test_admin_partners_branding.TestPartnersWorkflow" name="test_convert_nonexistent_request" time="0.172" /><testcase classname="backend.tests.test_admin_partners_branding.TestPartnersWorkflow" name="test_toggle_nonexistent_partner" time="0.113" /><testcase classname="backend.tests.test_admin_partners_branding.TestPartnersWorkflow" name="test_verify_nonexistent_partner" time="0.116" /><testcase classname="backend.tests.test_admin_partners_branding.TestPartnersWorkflow" name="test_update_commission_invalid_rate" time="0.168" /><testcase classname="backend.tests.test_admin_partners_branding.TestBrandingWorkflow" name="test_add_custom_logo" time="0.163"><failure message="assert 520 == 200&#10; +  where 520 = &lt;Response [520]&gt;.status_code">backend/tests/test_admin_partners_branding.py:475: in test_add_custom_logo
    assert response.status_code == 200
E   assert 520 == 200
E    +  where 520 = &lt;Response [520]&gt;.status_code</failure></testcase><testcase classname="backend.tests.test_admin_partners_branding.TestBrandingWorkflow" name="test_update_color" time="0.112" /><testcase classname="backend.tests.test_admin_partners_branding.TestBrandingWorkflow" name="test_reset_colors" time="0.100" /><testcase classname="backend.tests.test_admin_partners_branding.TestBrandingWorkflow" name="test_log_document_generation" time="0.184" /></testsuite></testsuites>