<?xml version="1.0" encoding="utf-8"?><testsuites name="pytest tests"><testsuite name="pytest" errors="0" failures="0" skipped="0" tests="35" time="4.963" timestamp="2026-02-17T11:30:50.962463+00:00" hostname="agent-env-2342703b-dc49-4ee1-b8aa-bd079c9c5304"><testcase classname="backend.tests.test_admin_partners_branding.TestPartnersAdmin" name="test_partners_dashboard" time="0.143" /><testcase classname="backend.tests.test_admin_partners_branding.TestPartnersAdmin" name="test_partners_types" time="0.113" /><testcase classname="backend.tests.test_admin_partners_branding.TestPartnersAdmin" name="test_partners_requests_list" time="0.109" /><testcase classname="backend.tests.test_admin_partners_branding.TestPartnersAdmin" name="test_partners_requests_filter_by_status" time="0.107" /><testcase classname="backend.tests.test_admin_partners_branding.TestPartnersAdmin" name="test_partners_requests_filter_by_type" time="0.107" /><testcase classname="backend.tests.test_admin_partners_branding.TestPartnersAdmin" name="test_partners_requests_search" time="0.112" /><testcase classname="backend.tests.test_admin_partners_branding.TestPartnersAdmin" name="test_partners_request_detail_not_found" time="0.132" /><testcase classname="backend.tests.test_admin_partners_branding.TestPartnersAdmin" name="test_partners_list" time="0.173" /><testcase classname="backend.tests.test_admin_partners_branding.TestPartnersAdmin" name="test_partners_list_filter_by_type" time="0.234" /><testcase classname="backend.tests.test_admin_partners_branding.TestPartnersAdmin" name="test_partners_list_filter_by_active" time="0.135" /><testcase classname="backend.tests.test_admin_partners_branding.TestPartnersAdmin" name="test_partners_list_search" time="0.124" /><testcase classname="backend.tests.test_admin_partners_branding.TestPartnersAdmin" name="test_partner_detail_not_found" time="0.306" /><testcase classname="backend.tests.test_admin_partners_branding.TestPartnersAdmin" name="test_partners_email_settings" time="0.126" /><testcase classname="backend.tests.test_admin_partners_branding.TestPartnersAdmin" name="test_partners_email_toggle_invalid_type" time="0.164" /><testcase classname="backend.tests.test_admin_partners_branding.TestBrandingAdmin" name="test_branding_dashboard" time="0.141" /><testcase classname="backend.tests.test_admin_partners_branding.TestBrandingAdmin" name="test_branding_config" time="0.101" /><testcase classname="backend.tests.test_admin_partners_branding.TestBrandingAdmin" name="test_branding_logos" time="0.142" /><testcase classname="backend.tests.test_admin_partners_branding.TestBrandingAdmin" name="test_branding_logo_detail_default" time="0.117" /><testcase classname="backend.tests.test_admin_partners_branding.TestBrandingAdmin" name="test_branding_logo_detail_not_found" time="0.111" /><testcase classname="backend.tests.test_admin_partners_branding.TestBrandingAdmin" name="test_branding_delete_default_logo_fails" time="0.111" /><testcase classname="backend.tests.test_admin_partners_branding.TestBrandingAdmin" name="test_branding_colors" time="0.113" /><testcase classname="backend.tests.test_admin_partners_branding.TestBrandingAdmin" name="test_branding_update_color_invalid_format" time="0.156" /><testcase classname="backend.tests.test_admin_partners_branding.TestBrandingAdmin" name="test_branding_document_types" time="0.100" /><testcase classname="backend.tests.test_admin_partners_branding.TestBrandingAdmin" name="test_branding_document_history" time="0.159" /><testcase classname="backend.tests.test_admin_partners_branding.TestBrandingAdmin" name="test_branding_upload_history" time="0.117" /><testcase classname="backend.tests.test_admin_partners_branding.TestBrandingAdmin" name="test_branding_assets" time="0.123" /><testcase classname="backend.tests.test_admin_partners_branding.TestPartnersWorkflow" name="test_update_request_status_invalid" time="0.287" /><testcase classname="backend.tests.test_admin_partners_branding.TestPartnersWorkflow" name="test_convert_nonexistent_request" time="0.130" /><testcase classname="backend.tests.test_admin_partners_branding.TestPartnersWorkflow" name="test_toggle_nonexistent_partner" time="0.147" /><testcase classname="backend.tests.test_admin_partners_branding.TestPartnersWorkflow" name="test_verify_nonexistent_partner" time="0.120" /><testcase classname="backend.tests.test_admin_partners_branding.TestPartnersWorkflow" name="test_update_commission_invalid_rate" time="0.120" /><testcase classname="backend.tests.test_admin_partners_branding.TestBrandingWorkflow" name="test_add_custom_logo" time="0.144" /><testcase classname="backend.tests.test_admin_partners_branding.TestBrandingWorkflow" name="test_update_color" time="0.098" /><testcase classname="backend.tests.test_admin_partners_branding.TestBrandingWorkflow" name="test_reset_colors" time="0.139" /><testcase classname="backend.tests.test_admin_partners_branding.TestBrandingWorkflow" name="test_log_document_generation" time="0.127" /></testsuite></testsuites>