<?xml version="1.0" encoding="utf-8"?><testsuites name="pytest tests"><testsuite name="pytest" errors="0" failures="0" skipped="0" tests="18" time="3.581" timestamp="2026-02-18T15:48:25.814209+00:00" hostname="agent-env-f15555fd-65bf-45a7-bff3-11a13b5af477"><testcase classname="backend.tests.test_affiliate_switch_engine.TestAffiliateSwitchModuleInfo" name="test_get_module_info" time="0.233" /><testcase classname="backend.tests.test_affiliate_switch_engine.TestAffiliateSwitchDashboard" name="test_get_dashboard" time="0.140" /><testcase classname="backend.tests.test_affiliate_switch_engine.TestAffiliateSwitchAffiliatesList" name="test_get_affiliates_list" time="0.115" /><testcase classname="backend.tests.test_affiliate_switch_engine.TestAffiliateSwitchAffiliatesList" name="test_get_affiliates_with_status_filter" time="0.148" /><testcase classname="backend.tests.test_affiliate_switch_engine.TestAffiliateSwitchAffiliatesList" name="test_get_affiliates_pagination" time="0.310" /><testcase classname="backend.tests.test_affiliate_switch_engine.TestAffiliateSwitchToggle" name="test_toggle_switch_on" time="0.267" /><testcase classname="backend.tests.test_affiliate_switch_engine.TestAffiliateSwitchToggle" name="test_toggle_switch_off" time="0.280" /><testcase classname="backend.tests.test_affiliate_switch_engine.TestAffiliateSwitchToggle" name="test_toggle_nonexistent_affiliate" time="0.127" /><testcase classname="backend.tests.test_affiliate_switch_engine.TestAffiliateSwitchValidation" name="test_get_validation_status" time="0.323" /><testcase classname="backend.tests.test_affiliate_switch_engine.TestAffiliateSwitchValidation" name="test_validation_status_nonexistent" time="0.132" /><testcase classname="backend.tests.test_affiliate_switch_engine.TestAffiliateSwitchAffiliateDetail" name="test_get_affiliate_detail" time="0.274" /><testcase classname="backend.tests.test_affiliate_switch_engine.TestAffiliateSwitchAffiliateDetail" name="test_get_affiliate_detail_nonexistent" time="0.110" /><testcase classname="backend.tests.test_affiliate_switch_engine.TestAffiliateSwitchStats" name="test_get_stats" time="0.141" /><testcase classname="backend.tests.test_affiliate_switch_engine.TestSEOSuppliersStats" name="test_get_suppliers_stats" time="0.206" /><testcase classname="backend.tests.test_affiliate_switch_engine.TestSEOSuppliersCategories" name="test_get_categories" time="0.166" /><testcase classname="backend.tests.test_affiliate_switch_engine.TestSEOSuppliersList" name="test_get_suppliers_list" time="0.118" /><testcase classname="backend.tests.test_affiliate_switch_engine.TestSEOSuppliersList" name="test_get_suppliers_by_category" time="0.215" /><testcase classname="backend.tests.test_affiliate_switch_engine.TestSEOSuppliersExport" name="test_export_csv_ready" time="0.170" /></testsuite></testsuites>