<?xml version="1.0" encoding="utf-8"?><testsuites name="pytest tests"><testsuite name="pytest" errors="0" failures="0" skipped="0" tests="24" time="4.755" timestamp="2026-02-18T16:08:20.556385+00:00" hostname="agent-env-f15555fd-65bf-45a7-bff3-11a13b5af477"><testcase classname="backend.tests.test_affiliate_ads_engine.TestAffiliateAdsModuleInfo" name="test_module_info_returns_200" time="0.165" /><testcase classname="backend.tests.test_affiliate_ads_engine.TestBionicDashboard" name="test_bionic_dashboard_returns_249_revenue" time="0.141" /><testcase classname="backend.tests.test_affiliate_ads_engine.TestBionicDashboard" name="test_bionic_dashboard_has_active_status" time="0.152" /><testcase classname="backend.tests.test_affiliate_ads_engine.TestOpportunities" name="test_get_all_opportunities" time="0.144" /><testcase classname="backend.tests.test_affiliate_ads_engine.TestOpportunities" name="test_opportunities_have_required_fields" time="0.113" /><testcase classname="backend.tests.test_affiliate_ads_engine.TestOpportunities" name="test_filter_opportunities_by_status" time="0.123" /><testcase classname="backend.tests.test_affiliate_ads_engine.TestOpportunities" name="test_get_active_opportunity_engel_coolers" time="0.165" /><testcase classname="backend.tests.test_affiliate_ads_engine.TestCheckoutPortal" name="test_get_checkout_page_valid_token" time="0.595" /><testcase classname="backend.tests.test_affiliate_ads_engine.TestCheckoutPortal" name="test_checkout_invalid_token_returns_404" time="0.134" /><testcase classname="backend.tests.test_affiliate_ads_engine.TestCheckoutPortal" name="test_submit_checkout" time="0.274" /><testcase classname="backend.tests.test_affiliate_ads_engine.TestPaymentProcessing" name="test_payment_endpoint_exists" time="0.128" /><testcase classname="backend.tests.test_affiliate_ads_engine.TestPaymentProcessing" name="test_payment_requires_valid_status" time="0.279" /><testcase classname="backend.tests.test_affiliate_ads_engine.TestDeployedAds" name="test_get_deployed_ads" time="0.130" /><testcase classname="backend.tests.test_affiliate_ads_engine.TestDeployedAds" name="test_deployed_ad_has_correct_data" time="0.132" /><testcase classname="backend.tests.test_affiliate_ads_engine.TestDeployedAds" name="test_get_ads_by_placement" time="0.116" /><testcase classname="backend.tests.test_affiliate_ads_engine.TestTracking" name="test_track_impression" time="0.269" /><testcase classname="backend.tests.test_affiliate_ads_engine.TestTracking" name="test_track_click" time="0.350" /><testcase classname="backend.tests.test_affiliate_ads_engine.TestRenewals" name="test_get_pending_renewals" time="0.104" /><testcase classname="backend.tests.test_affiliate_ads_engine.TestAffiliateSwitchBulkValidate" name="test_affiliate_switch_dashboard_shows_102_active" time="0.136" /><testcase classname="backend.tests.test_affiliate_ads_engine.TestAffiliateSwitchBulkValidate" name="test_bulk_validate_endpoint_exists" time="0.139" /><testcase classname="backend.tests.test_affiliate_ads_engine.TestPerformanceTracking" name="test_get_ad_performance" time="0.239" /><testcase classname="backend.tests.test_affiliate_ads_engine.TestOpportunityDetails" name="test_get_opportunity_details" time="0.250" /><testcase classname="backend.tests.test_affiliate_ads_engine.TestOpportunityDetails" name="test_opportunity_not_found_returns_404" time="0.111" /><testcase classname="backend.tests.test_affiliate_ads_engine.TestPricingStructure" name="test_package_pricing" time="0.264" /></testsuite></testsuites>