<?xml version="1.0" encoding="utf-8"?><testsuites name="pytest tests"><testsuite name="pytest" errors="0" failures="0" skipped="0" tests="21" time="3.182" timestamp="2026-02-21T20:12:33.705873+00:00" hostname="agent-env-80151e80-460e-46d2-9647-0d899f81914e"><testcase classname="tests.test_bionic_p0_beta2_api.TestTerritorialScoreAPI" name="test_territorial_score_with_advanced_factors_returns_200" time="0.147" /><testcase classname="tests.test_bionic_p0_beta2_api.TestTerritorialScoreAPI" name="test_territorial_score_version_is_p0_beta2" time="0.113" /><testcase classname="tests.test_bionic_p0_beta2_api.TestTerritorialScoreAPI" name="test_territorial_score_advanced_factors_enabled" time="0.126" /><testcase classname="tests.test_bionic_p0_beta2_api.TestTerritorialScoreAPI" name="test_territorial_score_12_factors_present" time="0.108" /><testcase classname="tests.test_bionic_p0_beta2_api.TestTerritorialScoreAPI" name="test_territorial_score_has_advanced_factor_scores" time="0.169" /><testcase classname="tests.test_bionic_p0_beta2_api.TestTerritorialScoreAPI" name="test_territorial_score_has_recommendations" time="0.120" /><testcase classname="tests.test_bionic_p0_beta2_api.TestTerritorialScoreAPI" name="test_territorial_score_with_snow_conditions" time="0.181" /><testcase classname="tests.test_bionic_p0_beta2_api.TestTerritorialScoreAPI" name="test_territorial_score_backward_compatible" time="0.125" /><testcase classname="tests.test_bionic_p0_beta2_api.TestBehavioralPredictAPI" name="test_behavioral_predict_with_advanced_factors_returns_200" time="0.142" /><testcase classname="tests.test_bionic_p0_beta2_api.TestBehavioralPredictAPI" name="test_behavioral_predict_version_is_p0_beta2" time="0.120" /><testcase classname="tests.test_bionic_p0_beta2_api.TestBehavioralPredictAPI" name="test_behavioral_predict_advanced_factors_enabled" time="0.107" /><testcase classname="tests.test_bionic_p0_beta2_api.TestBehavioralPredictAPI" name="test_behavioral_predict_12_factors_present" time="0.108" /><testcase classname="tests.test_bionic_p0_beta2_api.TestBehavioralPredictAPI" name="test_behavioral_predict_has_behavioral_modifiers" time="0.114" /><testcase classname="tests.test_bionic_p0_beta2_api.TestBehavioralPredictAPI" name="test_behavioral_predict_has_strategies" time="0.362" /><testcase classname="tests.test_bionic_p0_beta2_api.TestBehavioralPredictAPI" name="test_behavioral_predict_with_snow_conditions" time="0.123" /><testcase classname="tests.test_bionic_p0_beta2_api.TestBehavioralPredictAPI" name="test_behavioral_predict_backward_compatible" time="0.118" /><testcase classname="tests.test_bionic_p0_beta2_api.TestBionicHealth" name="test_bionic_health_endpoint" time="0.112" /><testcase classname="tests.test_bionic_p0_beta2_api.TestBionicHealth" name="test_bionic_modules_endpoint" time="0.108" /><testcase classname="tests.test_bionic_p0_beta2_api.TestEdgeCases" name="test_bear_hibernation_with_advanced_factors" time="0.112" /><testcase classname="tests.test_bionic_p0_beta2_api.TestEdgeCases" name="test_rut_period_with_hormonal_factor" time="0.117" /><testcase classname="tests.test_bionic_p0_beta2_api.TestEdgeCases" name="test_all_species_supported" time="0.359" /></testsuite></testsuites>