<?xml version="1.0" encoding="utf-8"?><testsuites name="pytest tests"><testsuite name="pytest" errors="0" failures="0" skipped="0" tests="70" time="0.126" timestamp="2026-02-21T20:12:42.364457+00:00" hostname="agent-env-80151e80-460e-46d2-9647-0d899f81914e"><testcase classname="modules.bionic_engine_p0.tests.test_p0_modules.TestPredictiveTerritorialBasic" name="test_basic_score_calculation" time="0.001" /><testcase classname="modules.bionic_engine_p0.tests.test_p0_modules.TestPredictiveTerritorialBasic" name="test_score_components_present" time="0.000" /><testcase classname="modules.bionic_engine_p0.tests.test_p0_modules.TestPredictiveTerritorialBasic" name="test_score_reproducibility" time="0.000" /><testcase classname="modules.bionic_engine_p0.tests.test_p0_modules.TestPredictiveTerritorialSpecies" name="test_all_species_supported[moose]" time="0.000" /><testcase classname="modules.bionic_engine_p0.tests.test_p0_modules.TestPredictiveTerritorialSpecies" name="test_all_species_supported[deer]" time="0.000" /><testcase classname="modules.bionic_engine_p0.tests.test_p0_modules.TestPredictiveTerritorialSpecies" name="test_all_species_supported[bear]" time="0.000" /><testcase classname="modules.bionic_engine_p0.tests.test_p0_modules.TestPredictiveTerritorialSpecies" name="test_all_species_supported[wild_turkey]" time="0.000" /><testcase classname="modules.bionic_engine_p0.tests.test_p0_modules.TestPredictiveTerritorialSpecies" name="test_all_species_supported[elk]" time="0.000" /><testcase classname="modules.bionic_engine_p0.tests.test_p0_modules.TestPredictiveTerritorialSpecies" name="test_bear_hibernation_zero_score" time="0.000" /><testcase classname="modules.bionic_engine_p0.tests.test_p0_modules.TestPredictiveTerritorialSpecies" name="test_moose_rut_bonus" time="0.000" /><testcase classname="modules.bionic_engine_p0.tests.test_p0_modules.TestPredictiveTerritorialBoundaries" name="test_latitude_at_boundary" time="0.000" /><testcase classname="modules.bionic_engine_p0.tests.test_p0_modules.TestPredictiveTerritorialBoundaries" name="test_score_never_negative" time="0.000" /><testcase classname="modules.bionic_engine_p0.tests.test_p0_modules.TestPredictiveTerritorialBoundaries" name="test_score_never_above_100" time="0.000" /><testcase classname="modules.bionic_engine_p0.tests.test_p0_modules.TestPredictiveTerritorialWeather" name="test_extreme_cold" time="0.000" /><testcase classname="modules.bionic_engine_p0.tests.test_p0_modules.TestPredictiveTerritorialWeather" name="test_optimal_weather" time="0.000" /><testcase classname="modules.bionic_engine_p0.tests.test_p0_modules.TestBehavioralModelsBasic" name="test_basic_prediction" time="0.000" /><testcase classname="modules.bionic_engine_p0.tests.test_p0_modules.TestBehavioralModelsBasic" name="test_activity_score_range" time="0.000" /><testcase classname="modules.bionic_engine_p0.tests.test_p0_modules.TestBehavioralModelsBasic" name="test_behavior_probabilities_sum" time="0.000" /><testcase classname="modules.bionic_engine_p0.tests.test_p0_modules.TestBehavioralModelsTimeline" name="test_timeline_complete" time="0.000" /><testcase classname="modules.bionic_engine_p0.tests.test_p0_modules.TestBehavioralModelsTimeline" name="test_timeline_hours_complete" time="0.000" /><testcase classname="modules.bionic_engine_p0.tests.test_p0_modules.TestBehavioralModelsTimeline" name="test_timeline_legal_hours_flagged" time="0.000" /><testcase classname="modules.bionic_engine_p0.tests.test_p0_modules.TestBehavioralModelsActivity" name="test_dawn_high_activity" time="0.000" /><testcase classname="modules.bionic_engine_p0.tests.test_p0_modules.TestBehavioralModelsActivity" name="test_midday_low_activity" time="0.000" /><testcase classname="modules.bionic_engine_p0.tests.test_p0_modules.TestBehavioralModelsActivity" name="test_turkey_no_night_activity" time="0.000" /><testcase classname="modules.bionic_engine_p0.tests.test_p0_modules.TestBehavioralModelsSeasons" name="test_rut_detection_moose" time="0.007" /><testcase classname="modules.bionic_engine_p0.tests.test_p0_modules.TestBehavioralModelsSeasons" name="test_bear_hibernation" time="0.000" /><testcase classname="modules.bionic_engine_p0.tests.test_p0_modules.TestDataContracts" name="test_score_to_rating_exceptional" time="0.000" /><testcase classname="modules.bionic_engine_p0.tests.test_p0_modules.TestDataContracts" name="test_score_to_rating_poor" time="0.000" /><testcase classname="modules.bionic_engine_p0.tests.test_p0_modules.TestDataContracts" name="test_score_to_activity_level" time="0.000" /><testcase classname="modules.bionic_engine_p0.tests.test_p0_modules.TestDataContracts" name="test_normalize_weights_sum_to_one" time="0.000" /><testcase classname="modules.bionic_engine_p0.tests.test_p0_modules.TestDataContracts" name="test_normalize_weights_missing_source" time="0.000" /><testcase classname="modules.bionic_engine_p0.tests.test_p0_modules.TestModuleIntegration" name="test_consistent_species_data" time="0.001" /><testcase classname="modules.bionic_engine_p0.tests.test_p0_modules.TestModuleIntegration" name="test_rut_detection_consistent" time="0.000" /><testcase classname="modules.bionic_engine_p0.tests.test_p0_modules.TestPerformance" name="test_territorial_response_time" time="0.000" /><testcase classname="modules.bionic_engine_p0.tests.test_p0_modules.TestPerformance" name="test_behavioral_response_time" time="0.000" /><testcase classname="modules.bionic_engine_p0.tests.test_p0_modules.TestAdvancedFactors" name="test_predation_risk_calculation" time="0.000" /><testcase classname="modules.bionic_engine_p0.tests.test_p0_modules.TestAdvancedFactors" name="test_predation_higher_at_dawn" time="0.000" /><testcase classname="modules.bionic_engine_p0.tests.test_p0_modules.TestAdvancedFactors" name="test_bear_predation_zero_in_winter" time="0.000" /><testcase classname="modules.bionic_engine_p0.tests.test_p0_modules.TestAdvancedFactors" name="test_thermal_stress_heat" time="0.000" /><testcase classname="modules.bionic_engine_p0.tests.test_p0_modules.TestAdvancedFactors" name="test_thermal_stress_cold" time="0.000" /><testcase classname="modules.bionic_engine_p0.tests.test_p0_modules.TestAdvancedFactors" name="test_thermal_stress_optimal" time="0.000" /><testcase classname="modules.bionic_engine_p0.tests.test_p0_modules.TestAdvancedFactors" name="test_hydric_stress" time="0.000" /><testcase classname="modules.bionic_engine_p0.tests.test_p0_modules.TestAdvancedFactors" name="test_social_stress_rut" time="0.000" /><testcase classname="modules.bionic_engine_p0.tests.test_p0_modules.TestAdvancedFactors" name="test_dominance_during_rut" time="0.000" /><testcase classname="modules.bionic_engine_p0.tests.test_p0_modules.TestAdvancedFactors" name="test_dominance_outside_rut" time="0.000" /><testcase classname="modules.bionic_engine_p0.tests.test_p0_modules.TestAdvancedFactors" name="test_interspecies_competition" time="0.000" /><testcase classname="modules.bionic_engine_p0.tests.test_p0_modules.TestAdvancedFactors" name="test_weak_signals_detection" time="0.000" /><testcase classname="modules.bionic_engine_p0.tests.test_p0_modules.TestAdvancedFactors" name="test_hormonal_rut_peak" time="0.000" /><testcase classname="modules.bionic_engine_p0.tests.test_p0_modules.TestAdvancedFactors" name="test_hormonal_antler_growth" time="0.000" /><testcase classname="modules.bionic_engine_p0.tests.test_p0_modules.TestAdvancedFactors" name="test_digestive_feeding_phase" time="0.000" /><testcase classname="modules.bionic_engine_p0.tests.test_p0_modules.TestAdvancedFactors" name="test_digestive_resting_phase" time="0.000" /><testcase classname="modules.bionic_engine_p0.tests.test_p0_modules.TestAdvancedFactors" name="test_avoidance_memory_active" time="0.000" /><testcase classname="modules.bionic_engine_p0.tests.test_p0_modules.TestAdvancedFactors" name="test_avoidance_memory_expired" time="0.000" /><testcase classname="modules.bionic_engine_p0.tests.test_p0_modules.TestAdvancedFactors" name="test_adaptive_behavior_high_pressure" time="0.000" /><testcase classname="modules.bionic_engine_p0.tests.test_p0_modules.TestAdvancedFactors" name="test_adaptive_behavior_low_pressure" time="0.000" /><testcase classname="modules.bionic_engine_p0.tests.test_p0_modules.TestAdvancedFactors" name="test_human_disturbance_weekend" time="0.000" /><testcase classname="modules.bionic_engine_p0.tests.test_p0_modules.TestAdvancedFactors" name="test_human_disturbance_minimal" time="0.000" /><testcase classname="modules.bionic_engine_p0.tests.test_p0_modules.TestAdvancedFactors" name="test_mineral_attraction_spring" time="0.000" /><testcase classname="modules.bionic_engine_p0.tests.test_p0_modules.TestAdvancedFactors" name="test_mineral_attraction_fall" time="0.000" /><testcase classname="modules.bionic_engine_p0.tests.test_p0_modules.TestAdvancedFactors" name="test_snow_deep_impact" time="0.000" /><testcase classname="modules.bionic_engine_p0.tests.test_p0_modules.TestAdvancedFactors" name="test_snow_crusted_impact" time="0.000" /><testcase classname="modules.bionic_engine_p0.tests.test_p0_modules.TestAdvancedFactors" name="test_snow_none" time="0.000" /><testcase classname="modules.bionic_engine_p0.tests.test_p0_modules.TestAdvancedFactorsIntegration" name="test_pt_with_advanced_factors" time="0.000" /><testcase classname="modules.bionic_engine_p0.tests.test_p0_modules.TestAdvancedFactorsIntegration" name="test_pt_without_advanced_factors" time="0.000" /><testcase classname="modules.bionic_engine_p0.tests.test_p0_modules.TestAdvancedFactorsIntegration" name="test_pt_advanced_recommendations" time="0.000" /><testcase classname="modules.bionic_engine_p0.tests.test_p0_modules.TestAdvancedFactorsIntegration" name="test_bm_with_advanced_factors" time="0.000" /><testcase classname="modules.bionic_engine_p0.tests.test_p0_modules.TestAdvancedFactorsIntegration" name="test_bm_without_advanced_factors" time="0.000" /><testcase classname="modules.bionic_engine_p0.tests.test_p0_modules.TestAdvancedFactorsIntegration" name="test_bm_advanced_strategies" time="0.000" /><testcase classname="modules.bionic_engine_p0.tests.test_p0_modules.TestAdvancedFactorsIntegration" name="test_snow_impact_in_pt" time="0.000" /><testcase classname="modules.bionic_engine_p0.tests.test_p0_modules.TestAdvancedFactorsIntegration" name="test_integrated_behavioral_factors" time="0.000" /></testsuite></testsuites>