<?xml version="1.0" encoding="utf-8"?><testsuites name="pytest tests"><testsuite name="pytest" errors="0" failures="0" skipped="0" tests="19" time="3.490" timestamp="2026-02-17T20:26:56.125660+00:00" hostname="agent-env-1da10c48-d410-4deb-9fd4-b37323ccf20d"><testcase classname="backend.tests.test_e2e_phase21.TestWaypointEngineAPI" name="test_waypoint_module_info" time="0.276" /><testcase classname="backend.tests.test_e2e_phase21.TestWaypointEngineAPI" name="test_create_waypoint" time="0.117" /><testcase classname="backend.tests.test_e2e_phase21.TestWaypointEngineAPI" name="test_list_waypoints" time="0.216" /><testcase classname="backend.tests.test_e2e_phase21.TestWaypointEngineAPI" name="test_list_waypoints_with_filter" time="0.225" /><testcase classname="backend.tests.test_e2e_phase21.TestWaypointEngineAPI" name="test_waypoints_in_bounds" time="0.165" /><testcase classname="backend.tests.test_e2e_phase21.TestWaypointEngineAPI" name="test_waypoint_stats" time="0.167" /><testcase classname="backend.tests.test_e2e_phase21.TestRecommendationEngineAPI" name="test_recommendation_module_info" time="0.155" /><testcase classname="backend.tests.test_e2e_phase21.TestRecommendationEngineAPI" name="test_recommendation_health" time="0.117" /><testcase classname="backend.tests.test_e2e_phase21.TestRecommendationEngineAPI" name="test_strategies_for_species" time="0.125" /><testcase classname="backend.tests.test_e2e_phase21.TestRecommendationEngineAPI" name="test_strategies_with_season" time="0.180" /><testcase classname="backend.tests.test_e2e_phase21.TestRecommendationEngineAPI" name="test_contextual_recommendations" time="0.133" /><testcase classname="backend.tests.test_e2e_phase21.TestRecommendationEngineAPI" name="test_contextual_with_weather" time="0.126" /><testcase classname="backend.tests.test_e2e_phase21.TestRecommendationEngineAPI" name="test_personalized_recommendations" time="0.128" /><testcase classname="backend.tests.test_e2e_phase21.TestAuthenticationAPI" name="test_auth_health" time="0.150" /><testcase classname="backend.tests.test_e2e_phase21.TestAuthenticationAPI" name="test_auth_login_endpoint_exists" time="0.148" /><testcase classname="backend.tests.test_e2e_phase21.TestAuthenticationAPI" name="test_auth_register_endpoint_exists" time="0.402" /><testcase classname="backend.tests.test_e2e_phase21.TestWaypointScoringAPI" name="test_waypoint_scoring_module" time="0.136" /><testcase classname="backend.tests.test_e2e_phase21.TestCriticalEndpoints" name="test_api_root" time="0.305" /><testcase classname="backend.tests.test_e2e_phase21.TestCriticalEndpoints" name="test_docs_endpoint" time="0.139" /></testsuite></testsuites>