<?xml version="1.0" encoding="utf-8"?><testsuites name="pytest tests"><testsuite name="pytest" errors="0" failures="0" skipped="0" tests="14" time="2.522" timestamp="2026-02-18T17:03:06.177071+00:00" hostname="agent-env-bf8d00d4-077d-4d2b-9ea9-95ca474cdd65"><testcase classname="backend.tests.test_global_switch_messaging.TestGlobalMasterSwitch" name="test_global_switch_status_returns_locked" time="0.162" /><testcase classname="backend.tests.test_global_switch_messaging.TestGlobalMasterSwitch" name="test_global_switch_dashboard" time="0.148" /><testcase classname="backend.tests.test_global_switch_messaging.TestGlobalMasterSwitch" name="test_global_switch_engines_list" time="0.126" /><testcase classname="backend.tests.test_global_switch_messaging.TestGlobalMasterSwitch" name="test_global_switch_toggle_to_locked" time="0.141" /><testcase classname="backend.tests.test_global_switch_messaging.TestGlobalMasterSwitch" name="test_global_switch_module_info" time="0.146" /><testcase classname="backend.tests.test_global_switch_messaging.TestMessagingEngine" name="test_bilingual_rule_exists" time="0.235" /><testcase classname="backend.tests.test_global_switch_messaging.TestMessagingEngine" name="test_messaging_templates_available" time="0.205" /><testcase classname="backend.tests.test_global_switch_messaging.TestMessagingEngine" name="test_messages_list" time="0.152" /><testcase classname="backend.tests.test_global_switch_messaging.TestMessagingEngine" name="test_messaging_dashboard" time="0.169" /><testcase classname="backend.tests.test_global_switch_messaging.TestMessagingEngine" name="test_messaging_module_info" time="0.188" /><testcase classname="backend.tests.test_global_switch_messaging.TestEngelCoolersDeactivation" name="test_engel_coolers_status_inactive" time="0.202" /><testcase classname="backend.tests.test_global_switch_messaging.TestAdSystemStatus" name="test_ad_system_status_pre_production" time="0.280" /><testcase classname="backend.tests.test_global_switch_messaging.TestAdSystemStatus" name="test_ad_master_switch_status" time="0.153" /><testcase classname="backend.tests.test_global_switch_messaging.TestBilingualMessagesForAffiliates" name="test_messages_sent_to_affiliates" time="0.131" /></testsuite></testsuites>