<?xml version="1.0" encoding="utf-8"?><testsuites name="pytest tests"><testsuite name="pytest" errors="0" failures="1" skipped="0" tests="14" time="2.677" timestamp="2026-02-18T17:02:25.016209+00:00" hostname="agent-env-bf8d00d4-077d-4d2b-9ea9-95ca474cdd65"><testcase classname="backend.tests.test_global_switch_messaging.TestGlobalMasterSwitch" name="test_global_switch_status_returns_locked" time="0.412" /><testcase classname="backend.tests.test_global_switch_messaging.TestGlobalMasterSwitch" name="test_global_switch_dashboard" time="0.169" /><testcase classname="backend.tests.test_global_switch_messaging.TestGlobalMasterSwitch" name="test_global_switch_engines_list" time="0.209" /><testcase classname="backend.tests.test_global_switch_messaging.TestGlobalMasterSwitch" name="test_global_switch_toggle_to_locked" time="0.180" /><testcase classname="backend.tests.test_global_switch_messaging.TestGlobalMasterSwitch" name="test_global_switch_module_info" time="0.140" /><testcase classname="backend.tests.test_global_switch_messaging.TestMessagingEngine" name="test_bilingual_rule_exists" time="0.170" /><testcase classname="backend.tests.test_global_switch_messaging.TestMessagingEngine" name="test_messaging_templates_available" time="0.198" /><testcase classname="backend.tests.test_global_switch_messaging.TestMessagingEngine" name="test_messages_list" time="0.200" /><testcase classname="backend.tests.test_global_switch_messaging.TestMessagingEngine" name="test_messaging_dashboard" time="0.156" /><testcase classname="backend.tests.test_global_switch_messaging.TestMessagingEngine" name="test_messaging_module_info" time="0.151" /><testcase classname="backend.tests.test_global_switch_messaging.TestEngelCoolersDeactivation" name="test_engel_coolers_status_inactive" time="0.169" /><testcase classname="backend.tests.test_global_switch_messaging.TestAdSystemStatus" name="test_ad_system_status_pre_production" time="0.145"><failure message="AssertionError: Expected PRÉ-PRODUCTION mode, got: &#10;assert ('PRE' in '' or 'PRÉ' in '')&#10; +  where '' = &lt;built-in method upper of str object at 0xfd3211411188&gt;()&#10; +    where &lt;built-in method upper of str object at 0xfd3211411188&gt; = ''.upper">backend/tests/test_global_switch_messaging.py:292: in test_ad_system_status_pre_production
    assert "PRE" in mode.upper() or "PRÉ" in mode, f"Expected PRÉ-PRODUCTION mode, got: {mode}"
E   AssertionError: Expected PRÉ-PRODUCTION mode, got: 
E   assert ('PRE' in '' or 'PRÉ' in '')
E    +  where '' = &lt;built-in method upper of str object at 0xfd3211411188&gt;()
E    +    where &lt;built-in method upper of str object at 0xfd3211411188&gt; = ''.upper</failure></testcase><testcase classname="backend.tests.test_global_switch_messaging.TestAdSystemStatus" name="test_ad_master_switch_status" time="0.143" /><testcase classname="backend.tests.test_global_switch_messaging.TestBilingualMessagesForAffiliates" name="test_messages_sent_to_affiliates" time="0.130" /></testsuite></testsuites>