<?xml version="1.0" encoding="utf-8"?><testsuites name="pytest tests"><testsuite name="pytest" errors="0" failures="0" skipped="0" tests="24" time="4.683" timestamp="2026-02-18T18:05:37.407340+00:00" hostname="agent-env-bf8d00d4-077d-4d2b-9ea9-95ca474cdd65"><testcase classname="backend.tests.test_messaging_engine_v2.TestMessagingEngineV2ModuleInfo" name="test_module_info_version_2" time="0.167" /><testcase classname="backend.tests.test_messaging_engine_v2.TestMessagingEngineV2ModuleInfo" name="test_module_has_global_rule" time="0.139" /><testcase classname="backend.tests.test_messaging_engine_v2.TestMessagingTemplates" name="test_get_all_templates" time="0.129" /><testcase classname="backend.tests.test_messaging_engine_v2.TestMessagingTemplates" name="test_get_specific_template" time="0.147" /><testcase classname="backend.tests.test_messaging_engine_v2.TestMessagingTemplates" name="test_template_not_found" time="0.130" /><testcase classname="backend.tests.test_messaging_engine_v2.TestPreviewGeneration" name="test_generate_preview_tous_mode" time="0.120" /><testcase classname="backend.tests.test_messaging_engine_v2.TestPreviewGeneration" name="test_generate_preview_un_par_un_mode" time="0.145" /><testcase classname="backend.tests.test_messaging_engine_v2.TestPreviewGeneration" name="test_preview_requires_recipients" time="0.129" /><testcase classname="backend.tests.test_messaging_engine_v2.TestPreviewGeneration" name="test_preview_bionic_header_content" time="0.149" /><testcase classname="backend.tests.test_messaging_engine_v2.TestPreviewValidation" name="test_validate_single_preview" time="0.241" /><testcase classname="backend.tests.test_messaging_engine_v2.TestPreviewValidation" name="test_validate_already_validated" time="0.417" /><testcase classname="backend.tests.test_messaging_engine_v2.TestPreviewValidation" name="test_validate_nonexistent_preview" time="0.124" /><testcase classname="backend.tests.test_messaging_engine_v2.TestBatchValidation" name="test_validate_all_batch" time="0.239" /><testcase classname="backend.tests.test_messaging_engine_v2.TestSendOne" name="test_send_one_validated" time="0.413" /><testcase classname="backend.tests.test_messaging_engine_v2.TestSendOne" name="test_send_one_unvalidated" time="0.242" /><testcase classname="backend.tests.test_messaging_engine_v2.TestSendOne" name="test_send_one_missing_preview_id" time="0.146" /><testcase classname="backend.tests.test_messaging_engine_v2.TestSendAll" name="test_send_all_validated" time="0.432" /><testcase classname="backend.tests.test_messaging_engine_v2.TestSendAll" name="test_send_all_missing_batch_id" time="0.135" /><testcase classname="backend.tests.test_messaging_engine_v2.TestPipelineLogs" name="test_get_pipeline_logs" time="0.119" /><testcase classname="backend.tests.test_messaging_engine_v2.TestPipelineLogs" name="test_get_pipeline_logs_by_batch" time="0.303" /><testcase classname="backend.tests.test_messaging_engine_v2.TestDashboard" name="test_get_dashboard" time="0.120" /><testcase classname="backend.tests.test_messaging_engine_v2.TestBilingualRule" name="test_get_bilingual_rule" time="0.100" /><testcase classname="backend.tests.test_messaging_engine_v2.TestMessagesEndpoints" name="test_get_all_messages" time="0.137" /><testcase classname="backend.tests.test_messaging_engine_v2.TestMessagesEndpoints" name="test_get_all_previews" time="0.143" /></testsuite></testsuites>