<?xml version="1.0" encoding="utf-8"?><testsuites name="pytest tests"><testsuite name="pytest" errors="0" failures="1" skipped="0" tests="24" time="4.994" timestamp="2026-02-18T18:03:50.010539+00:00" hostname="agent-env-bf8d00d4-077d-4d2b-9ea9-95ca474cdd65"><testcase classname="backend.tests.test_messaging_engine_v2.TestMessagingEngineV2ModuleInfo" name="test_module_info_version_2" time="0.187" /><testcase classname="backend.tests.test_messaging_engine_v2.TestMessagingEngineV2ModuleInfo" name="test_module_has_global_rule" time="0.107" /><testcase classname="backend.tests.test_messaging_engine_v2.TestMessagingTemplates" name="test_get_all_templates" time="0.130"><failure message="AssertionError: assert 'category' in ['company_name', 'contact_name', 'notification_type', 'notification_content']">backend/tests/test_messaging_engine_v2.py:81: in test_get_all_templates
    assert "category" in template["variables"]
E   AssertionError: assert 'category' in ['company_name', 'contact_name', 'notification_type', 'notification_content']</failure></testcase><testcase classname="backend.tests.test_messaging_engine_v2.TestMessagingTemplates" name="test_get_specific_template" time="0.145" /><testcase classname="backend.tests.test_messaging_engine_v2.TestMessagingTemplates" name="test_template_not_found" time="0.133" /><testcase classname="backend.tests.test_messaging_engine_v2.TestPreviewGeneration" name="test_generate_preview_tous_mode" time="0.127" /><testcase classname="backend.tests.test_messaging_engine_v2.TestPreviewGeneration" name="test_generate_preview_un_par_un_mode" time="0.157" /><testcase classname="backend.tests.test_messaging_engine_v2.TestPreviewGeneration" name="test_preview_requires_recipients" time="0.140" /><testcase classname="backend.tests.test_messaging_engine_v2.TestPreviewGeneration" name="test_preview_bionic_header_content" time="0.137" /><testcase classname="backend.tests.test_messaging_engine_v2.TestPreviewValidation" name="test_validate_single_preview" time="0.333" /><testcase classname="backend.tests.test_messaging_engine_v2.TestPreviewValidation" name="test_validate_already_validated" time="0.358" /><testcase classname="backend.tests.test_messaging_engine_v2.TestPreviewValidation" name="test_validate_nonexistent_preview" time="0.136" /><testcase classname="backend.tests.test_messaging_engine_v2.TestBatchValidation" name="test_validate_all_batch" time="0.273" /><testcase classname="backend.tests.test_messaging_engine_v2.TestSendOne" name="test_send_one_validated" time="0.412" /><testcase classname="backend.tests.test_messaging_engine_v2.TestSendOne" name="test_send_one_unvalidated" time="0.318" /><testcase classname="backend.tests.test_messaging_engine_v2.TestSendOne" name="test_send_one_missing_preview_id" time="0.164" /><testcase classname="backend.tests.test_messaging_engine_v2.TestSendAll" name="test_send_all_validated" time="0.498" /><testcase classname="backend.tests.test_messaging_engine_v2.TestSendAll" name="test_send_all_missing_batch_id" time="0.169" /><testcase classname="backend.tests.test_messaging_engine_v2.TestPipelineLogs" name="test_get_pipeline_logs" time="0.136" /><testcase classname="backend.tests.test_messaging_engine_v2.TestPipelineLogs" name="test_get_pipeline_logs_by_batch" time="0.249" /><testcase classname="backend.tests.test_messaging_engine_v2.TestDashboard" name="test_get_dashboard" time="0.153" /><testcase classname="backend.tests.test_messaging_engine_v2.TestBilingualRule" name="test_get_bilingual_rule" time="0.132" /><testcase classname="backend.tests.test_messaging_engine_v2.TestMessagesEndpoints" name="test_get_all_messages" time="0.143" /><testcase classname="backend.tests.test_messaging_engine_v2.TestMessagesEndpoints" name="test_get_all_previews" time="0.126" /></testsuite></testsuites>