<?xml version="1.0" encoding="utf-8"?><testsuites name="pytest tests"><testsuite name="pytest" errors="0" failures="0" skipped="0" tests="18" time="3.734" timestamp="2026-02-17T00:01:17.389313+00:00" hostname="agent-env-3b8c033f-6eb3-4124-9d79-7aed82ad9534"><testcase classname="backend.tests.test_p3_monetisation.TestPaymentEngine" name="test_payment_engine_info" time="0.228" /><testcase classname="backend.tests.test_p3_monetisation.TestPaymentEngine" name="test_get_packages" time="0.168" /><testcase classname="backend.tests.test_p3_monetisation.TestFreemiumEngine" name="test_freemium_engine_info" time="0.175" /><testcase classname="backend.tests.test_p3_monetisation.TestFreemiumEngine" name="test_get_subscription" time="0.197" /><testcase classname="backend.tests.test_p3_monetisation.TestFreemiumEngine" name="test_compare_tiers" time="0.136" /><testcase classname="backend.tests.test_p3_monetisation.TestFreemiumEngine" name="test_get_pricing" time="0.148" /><testcase classname="backend.tests.test_p3_monetisation.TestUpsellEngine" name="test_upsell_engine_info" time="0.179" /><testcase classname="backend.tests.test_p3_monetisation.TestUpsellEngine" name="test_trigger_quota_reached" time="0.158" /><testcase classname="backend.tests.test_p3_monetisation.TestUpsellEngine" name="test_trigger_feature_locked" time="0.227" /><testcase classname="backend.tests.test_p3_monetisation.TestUpsellEngine" name="test_list_campaigns" time="0.156" /><testcase classname="backend.tests.test_p3_monetisation.TestOnboardingEngine" name="test_onboarding_engine_info" time="0.193" /><testcase classname="backend.tests.test_p3_monetisation.TestOnboardingEngine" name="test_get_onboarding_status" time="0.145" /><testcase classname="backend.tests.test_p3_monetisation.TestOnboardingEngine" name="test_get_all_steps" time="0.174" /><testcase classname="backend.tests.test_p3_monetisation.TestTutorialEngine" name="test_tutorial_engine_info" time="0.145" /><testcase classname="backend.tests.test_p3_monetisation.TestTutorialEngine" name="test_list_tutorials" time="0.199" /><testcase classname="backend.tests.test_p3_monetisation.TestTutorialEngine" name="test_get_daily_tip" time="0.188" /><testcase classname="backend.tests.test_p3_monetisation.TestTutorialEngine" name="test_list_tutorials_by_type" time="0.112" /><testcase classname="backend.tests.test_p3_monetisation.TestModulesIntegration" name="test_all_engines_registered" time="0.716" /></testsuite></testsuites>