<?xml version="1.0" encoding="utf-8"?><testsuites name="pytest tests"><testsuite name="pytest" errors="0" failures="0" skipped="0" tests="27" time="6.282" timestamp="2026-02-17T16:14:40.913276+00:00" hostname="agent-env-bba4fd34-75f6-4e26-bb5f-ca33e7e37d59"><testcase classname="backend.tests.test_phase7_analytics.TestAnalyticsEngineModuleInfo" name="test_analytics_module_info" time="0.249" /><testcase classname="backend.tests.test_phase7_analytics.TestAnalyticsDashboard" name="test_dashboard_returns_valid_structure" time="0.197" /><testcase classname="backend.tests.test_phase7_analytics.TestAnalyticsDashboard" name="test_dashboard_overview_structure" time="0.173" /><testcase classname="backend.tests.test_phase7_analytics.TestAnalyticsDashboard" name="test_dashboard_with_time_range_filter" time="0.717" /><testcase classname="backend.tests.test_phase7_analytics.TestTrackingEngineModuleInfo" name="test_tracking_module_info" time="0.149" /><testcase classname="backend.tests.test_phase7_analytics.TestTrackingEngineEvents" name="test_get_events_returns_list" time="0.158" /><testcase classname="backend.tests.test_phase7_analytics.TestTrackingEngineEvents" name="test_get_events_with_filters" time="0.141" /><testcase classname="backend.tests.test_phase7_analytics.TestTrackingEngineEvents" name="test_track_single_event" time="0.125" /><testcase classname="backend.tests.test_phase7_analytics.TestTrackingEngineEvents" name="test_batch_track_events" time="0.135" /><testcase classname="backend.tests.test_phase7_analytics.TestTrackingEngineFunnels" name="test_create_funnel" time="0.268" /><testcase classname="backend.tests.test_phase7_analytics.TestTrackingEngineFunnels" name="test_list_funnels" time="0.164" /><testcase classname="backend.tests.test_phase7_analytics.TestTrackingEngineFunnels" name="test_get_funnel_by_id" time="0.516" /><testcase classname="backend.tests.test_phase7_analytics.TestTrackingEngineFunnels" name="test_analyze_funnel" time="0.412" /><testcase classname="backend.tests.test_phase7_analytics.TestTrackingEngineFunnels" name="test_delete_funnel" time="0.872" /><testcase classname="backend.tests.test_phase7_analytics.TestTrackingEngineHeatmap" name="test_get_heatmap_data" time="0.142" /><testcase classname="backend.tests.test_phase7_analytics.TestTrackingEngineHeatmap" name="test_heatmap_with_custom_viewport" time="0.158" /><testcase classname="backend.tests.test_phase7_analytics.TestTrackingEngineEngagement" name="test_get_engagement_metrics" time="0.156" /><testcase classname="backend.tests.test_phase7_analytics.TestTrackingEngineEngagement" name="test_engagement_metrics_with_days_filter" time="0.138" /><testcase classname="backend.tests.test_phase7_analytics.TestTrackingEngineSeed" name="test_seed_demo_data" time="0.144" /><testcase classname="backend.tests.test_phase7_analytics.TestAnalyticsEngineTrips" name="test_get_trips_list" time="0.168" /><testcase classname="backend.tests.test_phase7_analytics.TestAnalyticsEngineTrips" name="test_create_trip" time="0.177" /><testcase classname="backend.tests.test_phase7_analytics.TestAnalyticsEngineTrips" name="test_analytics_seed_demo_data" time="0.135" /><testcase classname="backend.tests.test_phase7_analytics.TestAnalyticsEngineStatistics" name="test_get_overview_stats" time="0.140" /><testcase classname="backend.tests.test_phase7_analytics.TestAnalyticsEngineStatistics" name="test_get_species_breakdown" time="0.137" /><testcase classname="backend.tests.test_phase7_analytics.TestAnalyticsEngineStatistics" name="test_get_weather_analysis" time="0.131" /><testcase classname="backend.tests.test_phase7_analytics.TestAnalyticsEngineStatistics" name="test_get_optimal_times" time="0.131" /><testcase classname="backend.tests.test_phase7_analytics.TestAnalyticsEngineStatistics" name="test_get_monthly_trends" time="0.143" /></testsuite></testsuites>