<?xml version="1.0" encoding="utf-8"?><testsuites name="pytest tests"><testsuite name="pytest" errors="0" failures="0" skipped="0" tests="13" time="1.526" timestamp="2026-02-20T16:43:08.773179+00:00" hostname="agent-env-afc09d10-4389-4b85-8870-40d858e37325"><testcase classname="backend.tests.test_polish_final_branche1.TestPolishFinalBackend" name="test_backend_health" time="0.187" /><testcase classname="backend.tests.test_polish_final_branche1.TestPolishFinalBackend" name="test_api_endpoints_accessible" time="0.321" /><testcase classname="backend.tests.test_polish_final_branche1.TestPolishFinalFiles" name="test_json_minification" time="0.000" /><testcase classname="backend.tests.test_polish_final_branche1.TestPolishFinalFiles" name="test_avif_webp_images_exist" time="0.000" /><testcase classname="backend.tests.test_polish_final_branche1.TestPolishFinalFiles" name="test_image_compression_ratio" time="0.000" /><testcase classname="backend.tests.test_polish_final_branche1.TestPolishFinalFiles" name="test_recharts_removed_from_package_json" time="0.000" /><testcase classname="backend.tests.test_polish_final_branche1.TestPolishFinalComponents" name="test_optimized_image_component_exists" time="0.000" /><testcase classname="backend.tests.test_polish_final_branche1.TestPolishFinalComponents" name="test_performance_optimizations_module_exists" time="0.000" /><testcase classname="backend.tests.test_polish_final_branche1.TestPolishFinalComponents" name="test_accessibility_enhancements_module_exists" time="0.000" /><testcase classname="backend.tests.test_polish_final_branche1.TestPolishFinalComponents" name="test_bionic_logo_uses_optimized_image" time="0.000" /><testcase classname="backend.tests.test_polish_final_branche1.TestPolishFinalComponents" name="test_index_js_initializes_optimizations" time="0.000" /><testcase classname="backend.tests.test_polish_final_branche1.TestPolishFinalFrontend" name="test_frontend_homepage_loads" time="0.294" /><testcase classname="backend.tests.test_polish_final_branche1.TestPolishFinalFrontend" name="test_frontend_serves_optimized_images" time="0.666" /></testsuite></testsuites>