<?xml version="1.0" encoding="utf-8"?><testsuites name="pytest tests"><testsuite name="pytest" errors="0" failures="1" skipped="0" tests="30" time="4.733" timestamp="2026-02-17T12:48:22.893590+00:00" hostname="agent-env-afb214a1-3123-45ee-8240-a102c9a8bb7b"><testcase classname="backend.tests.test_seo_engine.TestSEOEngineInfo" name="test_seo_engine_info" time="0.178" /><testcase classname="backend.tests.test_seo_engine.TestSEODashboard" name="test_seo_dashboard" time="0.120" /><testcase classname="backend.tests.test_seo_engine.TestSEOClusters" name="test_get_all_clusters" time="0.190" /><testcase classname="backend.tests.test_seo_engine.TestSEOClusters" name="test_get_clusters_by_type" time="0.162" /><testcase classname="backend.tests.test_seo_engine.TestSEOClusters" name="test_get_clusters_stats" time="0.128" /><testcase classname="backend.tests.test_seo_engine.TestSEOClusters" name="test_get_cluster_hierarchy" time="0.135" /><testcase classname="backend.tests.test_seo_engine.TestSEOClusters" name="test_get_cluster_by_id" time="0.129" /><testcase classname="backend.tests.test_seo_engine.TestSEOClusters" name="test_get_nonexistent_cluster" time="0.149" /><testcase classname="backend.tests.test_seo_engine.TestSEOPages" name="test_get_all_pages" time="0.127" /><testcase classname="backend.tests.test_seo_engine.TestSEOPages" name="test_get_page_templates" time="0.114" /><testcase classname="backend.tests.test_seo_engine.TestSEOPages" name="test_create_and_get_page" time="0.372" /><testcase classname="backend.tests.test_seo_engine.TestSEOJsonLD" name="test_get_all_schemas" time="0.290" /><testcase classname="backend.tests.test_seo_engine.TestSEOJsonLD" name="test_get_schemas_stats" time="0.152" /><testcase classname="backend.tests.test_seo_engine.TestSEOJsonLD" name="test_generate_article_schema" time="0.110" /><testcase classname="backend.tests.test_seo_engine.TestSEOJsonLD" name="test_generate_faq_schema" time="0.111" /><testcase classname="backend.tests.test_seo_engine.TestSEOJsonLD" name="test_validate_schema" time="0.154" /><testcase classname="backend.tests.test_seo_engine.TestSEOAnalytics" name="test_get_analytics_dashboard" time="0.143" /><testcase classname="backend.tests.test_seo_engine.TestSEOAnalytics" name="test_get_top_pages" time="0.153" /><testcase classname="backend.tests.test_seo_engine.TestSEOAnalytics" name="test_get_top_clusters" time="0.176" /><testcase classname="backend.tests.test_seo_engine.TestSEOAnalytics" name="test_get_traffic_trend" time="0.170" /><testcase classname="backend.tests.test_seo_engine.TestSEOAnalytics" name="test_get_opportunities" time="0.110" /><testcase classname="backend.tests.test_seo_engine.TestSEOAnalytics" name="test_get_analytics_report" time="0.114" /><testcase classname="backend.tests.test_seo_engine.TestSEOAutomation" name="test_get_automation_rules" time="0.115" /><testcase classname="backend.tests.test_seo_engine.TestSEOAutomation" name="test_get_content_suggestions" time="0.112" /><testcase classname="backend.tests.test_seo_engine.TestSEOAutomation" name="test_get_content_calendar" time="0.189" /><testcase classname="backend.tests.test_seo_engine.TestSEOAutomation" name="test_get_scheduled_tasks" time="0.142" /><testcase classname="backend.tests.test_seo_engine.TestSEOAutomation" name="test_get_alerts" time="0.107" /><testcase classname="backend.tests.test_seo_engine.TestSEOGeneration" name="test_generate_meta_tags" time="0.130"><failure message="assert 'description' in {'canonical_url': '', 'keywords': 'chasse orignal québec', 'meta_description': &quot;Guide complet pour la chasse à l'orignal... Découvrez nos conseils d'experts pour chasse orignal québec.&quot;, 'og_description': &quot;Guide complet pour la chasse à l'orignal... Découvrez nos conseils d'experts pour chasse orignal québec.&quot;, ...}">backend/tests/test_seo_engine.py:537: in test_generate_meta_tags
    assert "description" in meta
E   assert 'description' in {'canonical_url': '', 'keywords': 'chasse orignal québec', 'meta_description': "Guide complet pour la chasse à l'orignal... Découvrez nos conseils d'experts pour chasse orignal québec.", 'og_description': "Guide complet pour la chasse à l'orignal... Découvrez nos conseils d'experts pour chasse orignal québec.", ...}</failure></testcase><testcase classname="backend.tests.test_seo_engine.TestSEOGeneration" name="test_calculate_seo_score" time="0.132" /><testcase classname="backend.tests.test_seo_engine.TestSEOWorkflow" name="test_get_full_report" time="0.176" /></testsuite></testsuites>