<?xml version="1.0" encoding="utf-8"?><testsuites name="pytest tests"><testsuite name="pytest" errors="0" failures="0" skipped="0" tests="30" time="4.621" timestamp="2026-02-17T12:48:40.064874+00:00" hostname="agent-env-afb214a1-3123-45ee-8240-a102c9a8bb7b"><testcase classname="backend.tests.test_seo_engine.TestSEOEngineInfo" name="test_seo_engine_info" time="0.136" /><testcase classname="backend.tests.test_seo_engine.TestSEODashboard" name="test_seo_dashboard" time="0.129" /><testcase classname="backend.tests.test_seo_engine.TestSEOClusters" name="test_get_all_clusters" time="0.109" /><testcase classname="backend.tests.test_seo_engine.TestSEOClusters" name="test_get_clusters_by_type" time="0.164" /><testcase classname="backend.tests.test_seo_engine.TestSEOClusters" name="test_get_clusters_stats" time="0.192" /><testcase classname="backend.tests.test_seo_engine.TestSEOClusters" name="test_get_cluster_hierarchy" time="0.128" /><testcase classname="backend.tests.test_seo_engine.TestSEOClusters" name="test_get_cluster_by_id" time="0.162" /><testcase classname="backend.tests.test_seo_engine.TestSEOClusters" name="test_get_nonexistent_cluster" time="0.113" /><testcase classname="backend.tests.test_seo_engine.TestSEOPages" name="test_get_all_pages" time="0.129" /><testcase classname="backend.tests.test_seo_engine.TestSEOPages" name="test_get_page_templates" time="0.159" /><testcase classname="backend.tests.test_seo_engine.TestSEOPages" name="test_create_and_get_page" time="0.444" /><testcase classname="backend.tests.test_seo_engine.TestSEOJsonLD" name="test_get_all_schemas" time="0.147" /><testcase classname="backend.tests.test_seo_engine.TestSEOJsonLD" name="test_get_schemas_stats" time="0.109" /><testcase classname="backend.tests.test_seo_engine.TestSEOJsonLD" name="test_generate_article_schema" time="0.118" /><testcase classname="backend.tests.test_seo_engine.TestSEOJsonLD" name="test_generate_faq_schema" time="0.155" /><testcase classname="backend.tests.test_seo_engine.TestSEOJsonLD" name="test_validate_schema" time="0.110" /><testcase classname="backend.tests.test_seo_engine.TestSEOAnalytics" name="test_get_analytics_dashboard" time="0.115" /><testcase classname="backend.tests.test_seo_engine.TestSEOAnalytics" name="test_get_top_pages" time="0.110" /><testcase classname="backend.tests.test_seo_engine.TestSEOAnalytics" name="test_get_top_clusters" time="0.156" /><testcase classname="backend.tests.test_seo_engine.TestSEOAnalytics" name="test_get_traffic_trend" time="0.162" /><testcase classname="backend.tests.test_seo_engine.TestSEOAnalytics" name="test_get_opportunities" time="0.111" /><testcase classname="backend.tests.test_seo_engine.TestSEOAnalytics" name="test_get_analytics_report" time="0.182" /><testcase classname="backend.tests.test_seo_engine.TestSEOAutomation" name="test_get_automation_rules" time="0.183" /><testcase classname="backend.tests.test_seo_engine.TestSEOAutomation" name="test_get_content_suggestions" time="0.120" /><testcase classname="backend.tests.test_seo_engine.TestSEOAutomation" name="test_get_content_calendar" time="0.112" /><testcase classname="backend.tests.test_seo_engine.TestSEOAutomation" name="test_get_scheduled_tasks" time="0.154" /><testcase classname="backend.tests.test_seo_engine.TestSEOAutomation" name="test_get_alerts" time="0.111" /><testcase classname="backend.tests.test_seo_engine.TestSEOGeneration" name="test_generate_meta_tags" time="0.135" /><testcase classname="backend.tests.test_seo_engine.TestSEOGeneration" name="test_calculate_seo_score" time="0.142" /><testcase classname="backend.tests.test_seo_engine.TestSEOWorkflow" name="test_get_full_report" time="0.201" /></testsuite></testsuites>