<?xml version="1.0" encoding="utf-8"?><testsuites name="pytest tests"><testsuite name="pytest" errors="0" failures="0" skipped="0" tests="20" time="3.581" timestamp="2026-02-18T15:25:12.909900+00:00" hostname="agent-env-f15555fd-65bf-45a7-bff3-11a13b5af477"><testcase classname="backend.tests.test_seo_suppliers_x300.TestSEOSuppliersDatabase" name="test_get_all_suppliers" time="0.215" /><testcase classname="backend.tests.test_seo_suppliers_x300.TestSEOSuppliersDatabase" name="test_get_categories" time="0.601" /><testcase classname="backend.tests.test_seo_suppliers_x300.TestSEOSuppliersDatabase" name="test_get_suppliers_by_category_cameras" time="0.151" /><testcase classname="backend.tests.test_seo_suppliers_x300.TestSEOSuppliersDatabase" name="test_get_suppliers_by_category_arcs" time="0.157" /><testcase classname="backend.tests.test_seo_suppliers_x300.TestSEOSuppliersDatabase" name="test_get_stats" time="0.122" /><testcase classname="backend.tests.test_seo_suppliers_x300.TestSEOSuppliersDatabase" name="test_search_suppliers_spypoint" time="0.142" /><testcase classname="backend.tests.test_seo_suppliers_x300.TestSEOSuppliersDatabase" name="test_search_suppliers_vortex" time="0.166" /><testcase classname="backend.tests.test_seo_suppliers_x300.TestSEOSuppliersDatabase" name="test_get_seo_pages" time="0.130" /><testcase classname="backend.tests.test_seo_suppliers_x300.TestSEOSuppliersDatabase" name="test_invalid_category_returns_404" time="0.132" /><testcase classname="backend.tests.test_seo_suppliers_x300.TestMasterSwitchX300" name="test_get_all_switches_status" time="0.203" /><testcase classname="backend.tests.test_seo_suppliers_x300.TestMasterSwitchX300" name="test_check_module_status_captation" time="0.120" /><testcase classname="backend.tests.test_seo_suppliers_x300.TestMasterSwitchX300" name="test_check_module_status_seo" time="0.156" /><testcase classname="backend.tests.test_seo_suppliers_x300.TestMasterSwitchX300" name="test_get_switch_logs" time="0.140" /><testcase classname="backend.tests.test_seo_suppliers_x300.TestContactEngineX300" name="test_get_dashboard" time="0.143" /><testcase classname="backend.tests.test_seo_suppliers_x300.TestContactEngineX300" name="test_get_contacts_list" time="0.143" /><testcase classname="backend.tests.test_seo_suppliers_x300.TestContactEngineX300" name="test_track_visitor" time="0.180" /><testcase classname="backend.tests.test_seo_suppliers_x300.TestContactEngineX300" name="test_track_ad_click" time="0.144" /><testcase classname="backend.tests.test_seo_suppliers_x300.TestContactEngineX300" name="test_track_social_interaction" time="0.127" /><testcase classname="backend.tests.test_seo_suppliers_x300.TestTriggerEngineX300" name="test_get_triggers_list" time="0.129" /><testcase classname="backend.tests.test_seo_suppliers_x300.TestTriggerEngineX300" name="test_get_trigger_stats" time="0.161" /></testsuite></testsuites>