<?xml version="1.0" encoding="utf-8"?><testsuites name="pytest tests"><testsuite name="pytest" errors="0" failures="0" skipped="0" tests="13" time="6.046" timestamp="2026-02-17T20:01:51.586948+00:00" hostname="agent-env-1da10c48-d410-4deb-9fd4-b37323ccf20d"><testcase classname="backend.tests.test_waypoint_engine.TestWaypointEngineAPI" name="test_module_info" time="0.365" /><testcase classname="backend.tests.test_waypoint_engine.TestWaypointEngineAPI" name="test_create_waypoint_success" time="0.909" /><testcase classname="backend.tests.test_waypoint_engine.TestWaypointEngineAPI" name="test_create_waypoint_minimal" time="0.359" /><testcase classname="backend.tests.test_waypoint_engine.TestWaypointEngineAPI" name="test_list_waypoints" time="0.548" /><testcase classname="backend.tests.test_waypoint_engine.TestWaypointEngineAPI" name="test_list_waypoints_by_source" time="0.434" /><testcase classname="backend.tests.test_waypoint_engine.TestWaypointEngineAPI" name="test_get_waypoint_by_id" time="0.504" /><testcase classname="backend.tests.test_waypoint_engine.TestWaypointEngineAPI" name="test_get_waypoint_not_found" time="0.155" /><testcase classname="backend.tests.test_waypoint_engine.TestWaypointEngineAPI" name="test_update_waypoint" time="0.710" /><testcase classname="backend.tests.test_waypoint_engine.TestWaypointEngineAPI" name="test_delete_waypoint" time="0.957" /><testcase classname="backend.tests.test_waypoint_engine.TestWaypointEngineAPI" name="test_get_waypoints_in_bounds" time="0.514" /><testcase classname="backend.tests.test_waypoint_engine.TestWaypointEngineAPI" name="test_get_stats" time="0.188" /><testcase classname="backend.tests.test_waypoint_engine.TestWaypointValidation" name="test_create_waypoint_invalid_lat" time="0.169" /><testcase classname="backend.tests.test_waypoint_engine.TestWaypointValidation" name="test_create_waypoint_invalid_lng" time="0.156" /></testsuite></testsuites>